<?xml version="1.0" encoding="UTF-8"?>
<!-- Generated by org.testng.reporters.JUnitReportReporter -->
<testsuite hostname="DESKTOP-7I4A3G4" failures="0" tests="8" name="SeleniumTests.Test129" time="85.661" errors="1" timestamp="2023-09-17T19:16:29 CDT" skipped="1">
  <testcase classname="SeleniumTests.Test129" name="statrtReco" time="1.309"/>
  <testcase classname="SeleniumTests.Test129" name="paginationTesting" time="11.047"/>
  <testcase classname="SeleniumTests.Test129" name="method2" time="17.621"/>
  <testcase classname="SeleniumTests.Test129" name="method3" time="52.821">
    <system-out>
      <![CDATA[Total models are 233]]>
    </system-out>
  </testcase> <!-- method3 -->
  <testcase classname="SeleniumTests.Test129" name="method4" time="0.001">
    <system-out>
      <![CDATA[Maximum price 38999 model is realme GT Neo 3T (Drifting White, 256 GB)
Minimum price 5549 model is Realme C30 - Locked with Airtel Prepaid (Denim Black, 32 GB)]]>
    </system-out>
  </testcase> <!-- method4 -->
  <testcase classname="SeleniumTests.Test129" name="method6" time="2.861"/>
  <testcase classname="SeleniumTests.Test129" name="method7" time="0.001">
    <error message="null.mov (The system cannot find the file specified)" type="java.io.FileNotFoundException">
      <![CDATA[java.io.FileNotFoundException: null.mov (The system cannot find the file specified)
at java.base/java.io.FileInputStream.open0(Native Method)
at java.base/java.io.FileInputStream.open(FileInputStream.java:216)
at java.base/java.io.FileInputStream.<init>(FileInputStream.java:157)
at SeleniumTests.Test129.method7(Test129.java:191)
at java.base/jdk.internal.reflect.NativeMethodAccessorImpl.invoke0(Native Method)
at java.base/jdk.internal.reflect.NativeMethodAccessorImpl.invoke(NativeMethodAccessorImpl.java:77)
at java.base/jdk.internal.reflect.DelegatingMethodAccessorImpl.invoke(DelegatingMethodAccessorImpl.java:43)
at java.base/java.lang.reflect.Method.invoke(Method.java:568)
at org.testng.internal.invokers.MethodInvocationHelper.invokeMethod(MethodInvocationHelper.java:139)
at org.testng.internal.invokers.TestInvoker.invokeMethod(TestInvoker.java:664)
at org.testng.internal.invokers.TestInvoker.invokeTestMethod(TestInvoker.java:227)
at org.testng.internal.invokers.MethodRunner.runInSequence(MethodRunner.java:50)
at org.testng.internal.invokers.TestInvoker$MethodInvocationAgent.invoke(TestInvoker.java:957)
at org.testng.internal.invokers.TestInvoker.invokeTestMethods(TestInvoker.java:200)
at org.testng.internal.invokers.TestMethodWorker.invokeTestMethods(TestMethodWorker.java:148)
at org.testng.internal.invokers.TestMethodWorker.run(TestMethodWorker.java:128)
at java.base/java.util.ArrayList.forEach(ArrayList.java:1511)
at org.testng.TestRunner.privateRun(TestRunner.java:848)
at org.testng.TestRunner.run(TestRunner.java:621)
at org.testng.SuiteRunner.runTest(SuiteRunner.java:443)
at org.testng.SuiteRunner.runSequentially(SuiteRunner.java:437)
at org.testng.SuiteRunner.privateRun(SuiteRunner.java:397)
at org.testng.SuiteRunner.run(SuiteRunner.java:336)
at org.testng.SuiteRunnerWorker.runSuite(SuiteRunnerWorker.java:52)
at org.testng.SuiteRunnerWorker.run(SuiteRunnerWorker.java:95)
at org.testng.TestNG.runSuitesSequentially(TestNG.java:1280)
at org.testng.TestNG.runSuitesLocally(TestNG.java:1200)
at org.testng.TestNG.runSuites(TestNG.java:1114)
at org.testng.TestNG.run(TestNG.java:1082)
at org.testng.remote.AbstractRemoteTestNG.run(AbstractRemoteTestNG.java:115)
at org.testng.remote.RemoteTestNG.initAndRun(RemoteTestNG.java:251)
at org.testng.remote.RemoteTestNG.main(RemoteTestNG.java:77)
]]>
    </error>
  </testcase> <!-- method7 -->
  <testcase classname="SeleniumTests.Test129" name="method5">
    <skipped/>
  </testcase> <!-- method5 -->
  <system-out>
    <![CDATA[Total models are 233
Maximum price 38999 model is realme GT Neo 3T (Drifting White, 256 GB)
Minimum price 5549 model is Realme C30 - Locked with Airtel Prepaid (Denim Black, 32 GB)]]>
  </system-out>
</testsuite> <!-- SeleniumTests.Test129 -->
